<?xml version="1.0" encoding="UTF-8"?>
<testng-results skipped="0" failed="0" ignored="0" total="1" passed="1">
  <reporter-output>
  </reporter-output>
  <suite name="Suite" duration-ms="18361" started-at="2019-08-22T01:53:30Z" finished-at="2019-08-22T01:53:48Z">
    <groups>
    </groups>
    <test name="Test" duration-ms="18361" started-at="2019-08-22T01:53:30Z" finished-at="2019-08-22T01:53:48Z">
      <class name="FirstClass">
        <test-method status="PASS" signature="setup()[pri:0, instance:FirstClass@180bc464]" name="setup" duration-ms="18324" started-at="2019-08-22T01:53:30Z" finished-at="2019-08-22T01:53:48Z">
          <reporter-output>
          </reporter-output>
        </test-method> <!-- setup -->
      </class> <!-- FirstClass -->
    </test> <!-- Test -->
  </suite> <!-- Suite -->
</testng-results>
