<?xml version="1.0" encoding="UTF-8"?>
<testng-results skipped="0" failed="0" ignored="0" total="1" passed="1">
  <reporter-output>
  </reporter-output>
  <suite name="Suite" duration-ms="9598" started-at="2019-08-21T03:25:35Z" finished-at="2019-08-21T03:25:45Z">
    <groups>
    </groups>
    <test name="Test" duration-ms="9598" started-at="2019-08-21T03:25:35Z" finished-at="2019-08-21T03:25:45Z">
      <class name="FirstClass">
        <test-method status="PASS" signature="setup()[pri:0, instance:FirstClass@224edc67]" name="setup" duration-ms="9549" started-at="2019-08-21T03:25:35Z" finished-at="2019-08-21T03:25:45Z">
          <reporter-output>
          </reporter-output>
        </test-method> <!-- setup -->
      </class> <!-- FirstClass -->
    </test> <!-- Test -->
  </suite> <!-- Suite -->
</testng-results>
